This is pdfTeX, Version 3.14159265-2.6-1.40.16 (MiKTeX 2.9) (preloaded format=pdflatex 2015.9.28)  2 APR 2017 20:06
entering extended mode
**mod2A_verslag.tex
(mod2A_verslag.tex
LaTeX2e <2015/01/01> patch level 2
Babel <3.9m> and hyphenation patterns for 69 languages loaded.
(D:\Programmas\Latex\MikTex\tex\latex\base\article.cls
Document Class: article 2014/09/29 v1.4h Standard LaTeX document class
(D:\Programmas\Latex\MikTex\tex\latex\base\size10.clo
File: size10.clo 2014/09/29 v1.4h Standard LaTeX file (size option)
)
\c@part=\count79
\c@section=\count80
\c@subsection=\count81
\c@subsubsection=\count82
\c@paragraph=\count83
\c@subparagraph=\count84
\c@figure=\count85
\c@table=\count86
\abovecaptionskip=\skip41
\belowcaptionskip=\skip42
\bibindent=\dimen102
)
(D:\Programmas\Latex\MikTex\tex\latex\base\inputenc.sty
Package: inputenc 2015/03/17 v1.2c Input encoding file
\inpenc@prehook=\toks14
\inpenc@posthook=\toks15

(D:\Programmas\Latex\MikTex\tex\latex\base\utf8.def
File: utf8.def 2015/06/27 v1.1n UTF-8 support for inputenc
Now handling font encoding OML ...
... no UTF-8 mapping file for font encoding OML
Now handling font encoding T1 ...
... processing UTF-8 mapping file for font encoding T1

(D:\Programmas\Latex\MikTex\tex\latex\base\t1enc.dfu
File: t1enc.dfu 2015/06/27 v1.1n UTF-8 support for inputenc
   defining Unicode char U+00A1 (decimal 161)
   defining Unicode char U+00A3 (decimal 163)
   defining Unicode char U+00AB (decimal 171)
   defining Unicode char U+00BB (decimal 187)
   defining Unicode char U+00BF (decimal 191)
   defining Unicode char U+00C0 (decimal 192)
   defining Unicode char U+00C1 (decimal 193)
   defining Unicode char U+00C2 (decimal 194)
   defining Unicode char U+00C3 (decimal 195)
   defining Unicode char U+00C4 (decimal 196)
   defining Unicode char U+00C5 (decimal 197)
   defining Unicode char U+00C6 (decimal 198)
   defining Unicode char U+00C7 (decimal 199)
   defining Unicode char U+00C8 (decimal 200)
   defining Unicode char U+00C9 (decimal 201)
   defining Unicode char U+00CA (decimal 202)
   defining Unicode char U+00CB (decimal 203)
   defining Unicode char U+00CC (decimal 204)
   defining Unicode char U+00CD (decimal 205)
   defining Unicode char U+00CE (decimal 206)
   defining Unicode char U+00CF (decimal 207)
   defining Unicode char U+00D0 (decimal 208)
   defining Unicode char U+00D1 (decimal 209)
   defining Unicode char U+00D2 (decimal 210)
   defining Unicode char U+00D3 (decimal 211)
   defining Unicode char U+00D4 (decimal 212)
   defining Unicode char U+00D5 (decimal 213)
   defining Unicode char U+00D6 (decimal 214)
   defining Unicode char U+00D8 (decimal 216)
   defining Unicode char U+00D9 (decimal 217)
   defining Unicode char U+00DA (decimal 218)
   defining Unicode char U+00DB (decimal 219)
   defining Unicode char U+00DC (decimal 220)
   defining Unicode char U+00DD (decimal 221)
   defining Unicode char U+00DE (decimal 222)
   defining Unicode char U+00DF (decimal 223)
   defining Unicode char U+00E0 (decimal 224)
   defining Unicode char U+00E1 (decimal 225)
   defining Unicode char U+00E2 (decimal 226)
   defining Unicode char U+00E3 (decimal 227)
   defining Unicode char U+00E4 (decimal 228)
   defining Unicode char U+00E5 (decimal 229)
   defining Unicode char U+00E6 (decimal 230)
   defining Unicode char U+00E7 (decimal 231)
   defining Unicode char U+00E8 (decimal 232)
   defining Unicode char U+00E9 (decimal 233)
   defining Unicode char U+00EA (decimal 234)
   defining Unicode char U+00EB (decimal 235)
   defining Unicode char U+00EC (decimal 236)
   defining Unicode char U+00ED (decimal 237)
   defining Unicode char U+00EE (decimal 238)
   defining Unicode char U+00EF (decimal 239)
   defining Unicode char U+00F0 (decimal 240)
   defining Unicode char U+00F1 (decimal 241)
   defining Unicode char U+00F2 (decimal 242)
   defining Unicode char U+00F3 (decimal 243)
   defining Unicode char U+00F4 (decimal 244)
   defining Unicode char U+00F5 (decimal 245)
   defining Unicode char U+00F6 (decimal 246)
   defining Unicode char U+00F8 (decimal 248)
   defining Unicode char U+00F9 (decimal 249)
   defining Unicode char U+00FA (decimal 250)
   defining Unicode char U+00FB (decimal 251)
   defining Unicode char U+00FC (decimal 252)
   defining Unicode char U+00FD (decimal 253)
   defining Unicode char U+00FE (decimal 254)
   defining Unicode char U+00FF (decimal 255)
   defining Unicode char U+0102 (decimal 258)
   defining Unicode char U+0103 (decimal 259)
   defining Unicode char U+0104 (decimal 260)
   defining Unicode char U+0105 (decimal 261)
   defining Unicode char U+0106 (decimal 262)
   defining Unicode char U+0107 (decimal 263)
   defining Unicode char U+010C (decimal 268)
   defining Unicode char U+010D (decimal 269)
   defining Unicode char U+010E (decimal 270)
   defining Unicode char U+010F (decimal 271)
   defining Unicode char U+0110 (decimal 272)
   defining Unicode char U+0111 (decimal 273)
   defining Unicode char U+0118 (decimal 280)
   defining Unicode char U+0119 (decimal 281)
   defining Unicode char U+011A (decimal 282)
   defining Unicode char U+011B (decimal 283)
   defining Unicode char U+011E (decimal 286)
   defining Unicode char U+011F (decimal 287)
   defining Unicode char U+0130 (decimal 304)
   defining Unicode char U+0131 (decimal 305)
   defining Unicode char U+0132 (decimal 306)
   defining Unicode char U+0133 (decimal 307)
   defining Unicode char U+0139 (decimal 313)
   defining Unicode char U+013A (decimal 314)
   defining Unicode char U+013D (decimal 317)
   defining Unicode char U+013E (decimal 318)
   defining Unicode char U+0141 (decimal 321)
   defining Unicode char U+0142 (decimal 322)
   defining Unicode char U+0143 (decimal 323)
   defining Unicode char U+0144 (decimal 324)
   defining Unicode char U+0147 (decimal 327)
   defining Unicode char U+0148 (decimal 328)
   defining Unicode char U+014A (decimal 330)
   defining Unicode char U+014B (decimal 331)
   defining Unicode char U+0150 (decimal 336)
   defining Unicode char U+0151 (decimal 337)
   defining Unicode char U+0152 (decimal 338)
   defining Unicode char U+0153 (decimal 339)
   defining Unicode char U+0154 (decimal 340)
   defining Unicode char U+0155 (decimal 341)
   defining Unicode char U+0158 (decimal 344)
   defining Unicode char U+0159 (decimal 345)
   defining Unicode char U+015A (decimal 346)
   defining Unicode char U+015B (decimal 347)
   defining Unicode char U+015E (decimal 350)
   defining Unicode char U+015F (decimal 351)
   defining Unicode char U+0160 (decimal 352)
   defining Unicode char U+0161 (decimal 353)
   defining Unicode char U+0162 (decimal 354)
   defining Unicode char U+0163 (decimal 355)
   defining Unicode char U+0164 (decimal 356)
   defining Unicode char U+0165 (decimal 357)
   defining Unicode char U+016E (decimal 366)
   defining Unicode char U+016F (decimal 367)
   defining Unicode char U+0170 (decimal 368)
   defining Unicode char U+0171 (decimal 369)
   defining Unicode char U+0178 (decimal 376)
   defining Unicode char U+0179 (decimal 377)
   defining Unicode char U+017A (decimal 378)
   defining Unicode char U+017B (decimal 379)
   defining Unicode char U+017C (decimal 380)
   defining Unicode char U+017D (decimal 381)
   defining Unicode char U+017E (decimal 382)
   defining Unicode char U+200C (decimal 8204)
   defining Unicode char U+2013 (decimal 8211)
   defining Unicode char U+2014 (decimal 8212)
   defining Unicode char U+2018 (decimal 8216)
   defining Unicode char U+2019 (decimal 8217)
   defining Unicode char U+201A (decimal 8218)
   defining Unicode char U+201C (decimal 8220)
   defining Unicode char U+201D (decimal 8221)
   defining Unicode char U+201E (decimal 8222)
   defining Unicode char U+2030 (decimal 8240)
   defining Unicode char U+2031 (decimal 8241)
   defining Unicode char U+2039 (decimal 8249)
   defining Unicode char U+203A (decimal 8250)
   defining Unicode char U+2423 (decimal 9251)
)
Now handling font encoding OT1 ...
... processing UTF-8 mapping file for font encoding OT1

(D:\Programmas\Latex\MikTex\tex\latex\base\ot1enc.dfu
File: ot1enc.dfu 2015/06/27 v1.1n UTF-8 support for inputenc
   defining Unicode char U+00A1 (decimal 161)
   defining Unicode char U+00A3 (decimal 163)
   defining Unicode char U+00B8 (decimal 184)
   defining Unicode char U+00BF (decimal 191)
   defining Unicode char U+00C5 (decimal 197)
   defining Unicode char U+00C6 (decimal 198)
   defining Unicode char U+00D8 (decimal 216)
   defining Unicode char U+00DF (decimal 223)
   defining Unicode char U+00E6 (decimal 230)
   defining Unicode char U+00EC (decimal 236)
   defining Unicode char U+00ED (decimal 237)
   defining Unicode char U+00EE (decimal 238)
   defining Unicode char U+00EF (decimal 239)
   defining Unicode char U+00F8 (decimal 248)
   defining Unicode char U+0131 (decimal 305)
   defining Unicode char U+0141 (decimal 321)
   defining Unicode char U+0142 (decimal 322)
   defining Unicode char U+0152 (decimal 338)
   defining Unicode char U+0153 (decimal 339)
   defining Unicode char U+2013 (decimal 8211)
   defining Unicode char U+2014 (decimal 8212)
   defining Unicode char U+2018 (decimal 8216)
   defining Unicode char U+2019 (decimal 8217)
   defining Unicode char U+201C (decimal 8220)
   defining Unicode char U+201D (decimal 8221)
)
Now handling font encoding OMS ...
... processing UTF-8 mapping file for font encoding OMS

(D:\Programmas\Latex\MikTex\tex\latex\base\omsenc.dfu
File: omsenc.dfu 2015/06/27 v1.1n UTF-8 support for inputenc
   defining Unicode char U+00A7 (decimal 167)
   defining Unicode char U+00B6 (decimal 182)
   defining Unicode char U+00B7 (decimal 183)
   defining Unicode char U+2020 (decimal 8224)
   defining Unicode char U+2021 (decimal 8225)
   defining Unicode char U+2022 (decimal 8226)
)
Now handling font encoding OMX ...
... no UTF-8 mapping file for font encoding OMX
Now handling font encoding U ...
... no UTF-8 mapping file for font encoding U
   defining Unicode char U+00A9 (decimal 169)
   defining Unicode char U+00AA (decimal 170)
   defining Unicode char U+00AE (decimal 174)
   defining Unicode char U+00BA (decimal 186)
   defining Unicode char U+02C6 (decimal 710)
   defining Unicode char U+02DC (decimal 732)
   defining Unicode char U+200C (decimal 8204)
   defining Unicode char U+2026 (decimal 8230)
   defining Unicode char U+2122 (decimal 8482)
   defining Unicode char U+2423 (decimal 9251)
))
(D:\Programmas\Latex\MikTex\tex\latex\amsmath\amsmath.sty
Package: amsmath 2013/01/14 v2.14 AMS math features
\@mathmargin=\skip43

For additional information on amsmath, use the `?' option.
(D:\Programmas\Latex\MikTex\tex\latex\amsmath\amstext.sty
Package: amstext 2000/06/29 v2.01

(D:\Programmas\Latex\MikTex\tex\latex\amsmath\amsgen.sty
File: amsgen.sty 1999/11/30 v2.0
\@emptytoks=\toks16
\ex@=\dimen103
))
(D:\Programmas\Latex\MikTex\tex\latex\amsmath\amsbsy.sty
Package: amsbsy 1999/11/29 v1.2d
\pmbraise@=\dimen104
)
(D:\Programmas\Latex\MikTex\tex\latex\amsmath\amsopn.sty
Package: amsopn 1999/12/14 v2.01 operator names
)
\inf@bad=\count87
LaTeX Info: Redefining \frac on input line 210.
\uproot@=\count88
\leftroot@=\count89
LaTeX Info: Redefining \overline on input line 306.
\classnum@=\count90
\DOTSCASE@=\count91
LaTeX Info: Redefining \ldots on input line 378.
LaTeX Info: Redefining \dots on input line 381.
LaTeX Info: Redefining \cdots on input line 466.
\Mathstrutbox@=\box26
\strutbox@=\box27
\big@size=\dimen105
LaTeX Font Info:    Redeclaring font encoding OML on input line 566.
LaTeX Font Info:    Redeclaring font encoding OMS on input line 567.
\macc@depth=\count92
\c@MaxMatrixCols=\count93
\dotsspace@=\muskip10
\c@parentequation=\count94
\dspbrk@lvl=\count95
\tag@help=\toks17
\row@=\count96
\column@=\count97
\maxfields@=\count98
\andhelp@=\toks18
\eqnshift@=\dimen106
\alignsep@=\dimen107
\tagshift@=\dimen108
\tagwidth@=\dimen109
\totwidth@=\dimen110
\lineht@=\dimen111
\@envbody=\toks19
\multlinegap=\skip44
\multlinetaggap=\skip45
\mathdisplay@stack=\toks20
LaTeX Info: Redefining \[ on input line 2665.
LaTeX Info: Redefining \] on input line 2666.
)
(D:\Programmas\Latex\MikTex\tex\latex\amsfonts\amssymb.sty
Package: amssymb 2013/01/14 v3.01 AMS font symbols

(D:\Programmas\Latex\MikTex\tex\latex\amsfonts\amsfonts.sty
Package: amsfonts 2013/01/14 v3.01 Basic AMSFonts support
\symAMSa=\mathgroup4
\symAMSb=\mathgroup5
LaTeX Font Info:    Overwriting math alphabet `\mathfrak' in version `bold'
(Font)                  U/euf/m/n --> U/euf/b/n on input line 106.
))
(D:\Programmas\Latex\MikTex\tex\latex\amscls\amsthm.sty
Package: amsthm 2015/03/04 v2.20.2
\thm@style=\toks21
\thm@bodyfont=\toks22
\thm@headfont=\toks23
\thm@notefont=\toks24
\thm@headpunct=\toks25
\thm@preskip=\skip46
\thm@postskip=\skip47
\thm@headsep=\skip48
\dth@everypar=\toks26
)
(D:\Programmas\Latex\MikTex\tex\latex\bbm\bbm.sty
Package: bbm 1999/03/15 V 1.2 provides fonts for set symbols - TH
LaTeX Font Info:    Overwriting math alphabet `\mathbbm' in version `bold'
(Font)                  U/bbm/m/n --> U/bbm/bx/n on input line 33.
LaTeX Font Info:    Overwriting math alphabet `\mathbbmss' in version `bold'
(Font)                  U/bbmss/m/n --> U/bbmss/bx/n on input line 35.
)
(D:\Programmas\Latex\MikTex\tex\latex\marginnote\marginnote.sty
Package: marginnote 2016/10/21 v1.2a non floating margin notes for LaTeX
\c@mn@abspage=\count99
)
(D:\Programmas\Latex\MikTex\tex\latex\geometry\geometry.sty
Package: geometry 2010/09/12 v5.6 Page Geometry

(D:\Programmas\Latex\MikTex\tex\latex\graphics\keyval.sty
Package: keyval 2014/10/28 v1.15 key=value parser (DPC)
\KV@toks@=\toks27
)
(D:\Programmas\Latex\MikTex\tex\generic\oberdiek\ifpdf.sty
Package: ifpdf 2011/01/30 v2.3 Provides the ifpdf switch (HO)
Package ifpdf Info: pdfTeX in PDF mode is detected.
)
(D:\Programmas\Latex\MikTex\tex\generic\oberdiek\ifvtex.sty
Package: ifvtex 2010/03/01 v1.5 Detect VTeX and its facilities (HO)
Package ifvtex Info: VTeX not detected.
)
(D:\Programmas\Latex\MikTex\tex\generic\ifxetex\ifxetex.sty
Package: ifxetex 2010/09/12 v0.6 Provides ifxetex conditional
)
\Gm@cnth=\count100
\Gm@cntv=\count101
\c@Gm@tempcnt=\count102
\Gm@bindingoffset=\dimen112
\Gm@wd@mp=\dimen113
\Gm@odd@mp=\dimen114
\Gm@even@mp=\dimen115
\Gm@layoutwidth=\dimen116
\Gm@layoutheight=\dimen117
\Gm@layouthoffset=\dimen118
\Gm@layoutvoffset=\dimen119
\Gm@dimlist=\toks28

(D:\Programmas\Latex\MikTex\tex\latex\geometry\geometry.cfg))
(D:\Programmas\Latex\MikTex\tex\latex\graphics\graphicx.sty
Package: graphicx 2014/10/28 v1.0g Enhanced LaTeX Graphics (DPC,SPQR)

(D:\Programmas\Latex\MikTex\tex\latex\graphics\graphics.sty
Package: graphics 2014/10/28 v1.0p Standard LaTeX Graphics (DPC,SPQR)

(D:\Programmas\Latex\MikTex\tex\latex\graphics\trig.sty
Package: trig 1999/03/16 v1.09 sin cos tan (DPC)
)
(D:\Programmas\Latex\MikTex\tex\latex\00miktex\graphics.cfg
File: graphics.cfg 2007/01/18 v1.5 graphics configuration of teTeX/TeXLive
)
Package graphics Info: Driver file: pdftex.def on input line 94.

(D:\Programmas\Latex\MikTex\tex\latex\pdftex-def\pdftex.def
File: pdftex.def 2011/05/27 v0.06d Graphics/color for pdfTeX

(D:\Programmas\Latex\MikTex\tex\generic\oberdiek\infwarerr.sty
Package: infwarerr 2010/04/08 v1.3 Providing info/warning/error messages (HO)
)
(D:\Programmas\Latex\MikTex\tex\generic\oberdiek\ltxcmds.sty
Package: ltxcmds 2011/11/09 v1.22 LaTeX kernel commands for general use (HO)
)
\Gread@gobject=\count103
))
\Gin@req@height=\dimen120
\Gin@req@width=\dimen121
)
(D:\Programmas\Latex\MikTex\tex\latex\float\float.sty
Package: float 2001/11/08 v1.3d Float enhancements (AL)
\c@float@type=\count104
\float@exts=\toks29
\float@box=\box28
\@float@everytoks=\toks30
\@floatcapt=\box29
)
(D:\Programmas\Latex\MikTex\tex\latex\caption\caption.sty
Package: caption 2016/02/21 v3.3-144 Customizing captions (AR)

(D:\Programmas\Latex\MikTex\tex\latex\caption\caption3.sty
Package: caption3 2016/02/04 v1.7-139 caption3 kernel (AR)
Package caption3 Info: TeX engine: e-TeX on input line 67.
\captionmargin=\dimen122
\captionmargin@=\dimen123
\captionwidth=\dimen124
\caption@tempdima=\dimen125
\caption@indent=\dimen126
\caption@parindent=\dimen127
\caption@hangindent=\dimen128
)
\c@ContinuedFloat=\count105
Package caption Info: float package is loaded.
)
(D:\Programmas\Latex\MikTex\tex\latex\caption\subcaption.sty
Package: subcaption 2016/02/20 v1.1-142 Sub-captions (AR)
\c@subfigure=\count106
\c@subtable=\count107
)
(D:\Programmas\Latex\MikTex\tex\latex\import\import.sty
Package: import 2009/03/23  v 5.1
)
(D:\Programmas\Latex\MikTex\tex\latex\wallpaper\Wallpaper.sty

LaTeX Warning: You have requested package `Wallpaper',
               but the package provides `wallpaper'.

Package: wallpaper 2005/01/18, v1.01 easy wallpaper formatting (MHFW)
(D:\Programmas\Latex\MikTex\tex\latex\base\ifthen.sty
Package: ifthen 2014/09/29 v1.1c Standard LaTeX ifthen package (DPC)
)
(D:\Programmas\Latex\MikTex\tex\latex\tools\calc.sty
Package: calc 2014/10/28 v4.3 Infix arithmetic (KKT,FJ)
\calc@Acount=\count108
\calc@Bcount=\count109
\calc@Adimen=\dimen129
\calc@Bdimen=\dimen130
\calc@Askip=\skip49
\calc@Bskip=\skip50
LaTeX Info: Redefining \setlength on input line 80.
LaTeX Info: Redefining \addtolength on input line 81.
\calc@Ccount=\count110
\calc@Cskip=\skip51
)
(D:\Programmas\Latex\MikTex\tex\latex\eso-pic\eso-pic.sty
Package: eso-pic 2015/07/21 v2.0g eso-pic (RN)

(D:\Programmas\Latex\MikTex\tex\generic\oberdiek\atbegshi.sty
Package: atbegshi 2011/10/05 v1.16 At begin shipout hook (HO)
)
(D:\Programmas\Latex\MikTex\tex\latex\xcolor\xcolor.sty
Package: xcolor 2016/05/11 v2.12 LaTeX color extensions (UK)

(D:\Programmas\Latex\MikTex\tex\latex\00miktex\color.cfg
File: color.cfg 2007/01/18 v1.5 color configuration of teTeX/TeXLive
)
Package xcolor Info: Driver file: pdftex.def on input line 225.
Package xcolor Info: Model `cmy' substituted by `cmy0' on input line 1348.
Package xcolor Info: Model `hsb' substituted by `rgb' on input line 1352.
Package xcolor Info: Model `RGB' extended on input line 1364.
Package xcolor Info: Model `HTML' substituted by `rgb' on input line 1366.
Package xcolor Info: Model `Hsb' substituted by `hsb' on input line 1367.
Package xcolor Info: Model `tHsb' substituted by `hsb' on input line 1368.
Package xcolor Info: Model `HSB' substituted by `hsb' on input line 1369.
Package xcolor Info: Model `Gray' substituted by `gray' on input line 1370.
Package xcolor Info: Model `wave' substituted by `hsb' on input line 1371.
))
\wpXoffset=\skip52
\wpYoffset=\skip53
\tileXoffset=\skip54
\tileYoffset=\skip55
\tilewidth=\skip56
\tileheight=\skip57
\tileX=\skip58
\tileY=\skip59
)
(D:\Programmas\Latex\MikTex\tex\latex\wrapfig\wrapfig.sty
\wrapoverhang=\dimen131
\WF@size=\dimen132
\c@WF@wrappedlines=\count111
\WF@box=\box30
\WF@everypar=\toks31
Package: wrapfig 2003/01/31  v 3.6
) (mod2A_verslag.aux

LaTeX Warning: Label `fig:gull' multiply defined.


LaTeX Warning: Label `sub@fig:gull' multiply defined.


LaTeX Warning: Label `fig:tiger' multiply defined.


LaTeX Warning: Label `sub@fig:tiger' multiply defined.


LaTeX Warning: Label `minimal happiness 1' multiply defined.


LaTeX Warning: Label `sub@minimal happiness 1' multiply defined.


LaTeX Warning: Label `fig:happyseg4b' multiply defined.

)
LaTeX Font Info:    Checking defaults for OML/cmm/m/it on input line 32.
LaTeX Font Info:    ... okay on input line 32.
LaTeX Font Info:    Checking defaults for T1/cmr/m/n on input line 32.
LaTeX Font Info:    ... okay on input line 32.
LaTeX Font Info:    Checking defaults for OT1/cmr/m/n on input line 32.
LaTeX Font Info:    ... okay on input line 32.
LaTeX Font Info:    Checking defaults for OMS/cmsy/m/n on input line 32.
LaTeX Font Info:    ... okay on input line 32.
LaTeX Font Info:    Checking defaults for OMX/cmex/m/n on input line 32.
LaTeX Font Info:    ... okay on input line 32.
LaTeX Font Info:    Checking defaults for U/cmr/m/n on input line 32.
LaTeX Font Info:    ... okay on input line 32.
Package marginnote Info: \pdfoutput not 0 or unimportant and
(marginnote)             \pdflastxpos or \lastxpos available.
(marginnote)             Extended position detection mode activated.

*geometry* driver: auto-detecting
*geometry* detected driver: pdftex
*geometry* verbose mode - [ preamble ] result:
* driver: pdftex
* paper: <default>
* layout: <same size as paper>
* layoutoffset:(h,v)=(0.0pt,0.0pt)
* modes: 
* h-part:(L,W,R)=(72.26999pt, 469.75502pt, 72.26999pt)
* v-part:(T,H,B)=(72.26999pt, 650.43001pt, 72.26999pt)
* \paperwidth=614.295pt
* \paperheight=794.96999pt
* \textwidth=469.75502pt
* \textheight=650.43001pt
* \oddsidemargin=0.0pt
* \evensidemargin=0.0pt
* \topmargin=-37.0pt
* \headheight=12.0pt
* \headsep=25.0pt
* \topskip=10.0pt
* \footskip=18.06749pt
* \marginparwidth=65.0pt
* \marginparsep=11.0pt
* \columnsep=10.0pt
* \skip\footins=9.0pt plus 4.0pt minus 2.0pt
* \hoffset=0.0pt
* \voffset=0.0pt
* \mag=1000
* \@twocolumnfalse
* \@twosidefalse
* \@mparswitchfalse
* \@reversemarginfalse
* (1in=72.27pt=25.4mm, 1cm=28.453pt)

(D:\Programmas\Latex\MikTex\tex\context\base\supp-pdf.mkii
[Loading MPS to PDF converter (version 2006.09.02).]
\scratchcounter=\count112
\scratchdimen=\dimen133
\scratchbox=\box31
\nofMPsegments=\count113
\nofMParguments=\count114
\everyMPshowfont=\toks32
\MPscratchCnt=\count115
\MPscratchDim=\dimen134
\MPnumerator=\count116
\makeMPintoPDFobject=\count117
\everyMPtoPDFconversion=\toks33
)
Package caption Info: Begin \AtBeginDocument code.
Package caption Info: wrapfig package is loaded.
Package caption Info: End \AtBeginDocument code.
\AtBeginShipoutBox=\box32
 (Voorblad/Voorblad.tex
<./Voorblad/Segregation_voorblad.jpg, id=1, 578.16pt x 385.44pt>
File: ./Voorblad/Segregation_voorblad.jpg Graphic file (type jpg)

<use ./Voorblad/Segregation_voorblad.jpg>
Package pdftex.def Info: ./Voorblad/Segregation_voorblad.jpg used on input line
 23.
(pdftex.def)             Requested size: 1228.65756pt x 819.10504pt.

Overfull \hbox (614.36256pt too wide) has occurred while \output is active
[] [] 
 []

[1

{C:/Users/win 8/AppData/Local/MiKTeX/2.9/pdftex/config/pdftex.map} <./Voorblad/
Segregation_voorblad.jpg>]) [1]
Underfull \hbox (badness 10000) in paragraph at lines 38--39

 []

[2] (mod2A_verslag.toc
LaTeX Font Info:    Try loading font information for U+msa on input line 7.
 (D:\Programmas\Latex\MikTex\tex\latex\amsfonts\umsa.fd
File: umsa.fd 2013/01/14 v3.01 AMS symbols A
)
LaTeX Font Info:    Try loading font information for U+msb on input line 7.

(D:\Programmas\Latex\MikTex\tex\latex\amsfonts\umsb.fd
File: umsb.fd 2013/01/14 v3.01 AMS symbols B
))
\tf@toc=\write3
 [3]
(Introduction/Introduction.tex
Underfull \hbox (badness 10000) in paragraph at lines 2--10

 []

<./Introduction/vb1beginbord.jpg, id=21, 843.15pt x 698.61pt>
File: ./Introduction/vb1beginbord.jpg Graphic file (type jpg)

<use ./Introduction/vb1beginbord.jpg>
Package pdftex.def Info: ./Introduction/vb1beginbord.jpg used on input line 14.

(pdftex.def)             Requested size: 211.38832pt x 175.14243pt.

<./Introduction/vb1eindbord.jpg, id=22, 915.42pt x 772.8875pt>
File: ./Introduction/vb1eindbord.jpg Graphic file (type jpg)

<use ./Introduction/vb1eindbord.jpg>
Package pdftex.def Info: ./Introduction/vb1eindbord.jpg used on input line 20.
(pdftex.def)             Requested size: 211.38832pt x 178.46797pt.

Underfull \hbox (badness 10000) in paragraph at lines 29--43

 []


Underfull \hbox (badness 10000) in paragraph at lines 29--43

 []

[4 <./Introduction/vb1beginbord.jpg> <./Introduction/vb1eindbord.jpg>]
Underfull \hbox (badness 10000) in paragraph at lines 44--45

 []

) [5] (Model/Model.tex
Underfull \hbox (badness 10000) in paragraph at lines 2--12

 []

<./Model/vb2beginbord.jpg, id=33, 1033.8625pt x 772.8875pt>
File: ./Model/vb2beginbord.jpg Graphic file (type jpg)

<use ./Model/vb2beginbord.jpg>
Package pdftex.def Info: ./Model/vb2beginbord.jpg used on input line 16.
(pdftex.def)             Requested size: 211.38832pt x 158.0184pt.

<./Model/vb2eindbord.jpg, id=34, 1037.8775pt x 780.9175pt>
File: ./Model/vb2eindbord.jpg Graphic file (type jpg)

<use ./Model/vb2eindbord.jpg>
Package pdftex.def Info: ./Model/vb2eindbord.jpg used on input line 22.
(pdftex.def)             Requested size: 211.38832pt x 159.05244pt.

<./Model/vb3beginbord.jpg, id=35, 843.15pt x 632.3625pt>
File: ./Model/vb3beginbord.jpg Graphic file (type jpg)

<use ./Model/vb3beginbord.jpg>
Package pdftex.def Info: ./Model/vb3beginbord.jpg used on input line 40.
(pdftex.def)             Requested size: 187.89914pt x 140.92455pt.

<./Model/vb3eindbord.jpg, id=36, 843.15pt x 632.3625pt>
File: ./Model/vb3eindbord.jpg Graphic file (type jpg)

<use ./Model/vb3eindbord.jpg>
Package pdftex.def Info: ./Model/vb3eindbord.jpg used on input line 46.
(pdftex.def)             Requested size: 187.89914pt x 140.92455pt.
 [6 <./Model/vb2beginbord.jpg> <./Model/vb2eindbord.jpg>] <./Model/vb4beginbord
.jpg, id=41, 843.15pt x 632.3625pt>
File: ./Model/vb4beginbord.jpg Graphic file (type jpg)

<use ./Model/vb4beginbord.jpg>
Package pdftex.def Info: ./Model/vb4beginbord.jpg used on input line 58.
(pdftex.def)             Requested size: 187.89914pt x 140.92455pt.

<./Model/vb4eindbord.jpg, id=42, 843.15pt x 632.3625pt>
File: ./Model/vb4eindbord.jpg Graphic file (type jpg)

<use ./Model/vb4eindbord.jpg>
Package pdftex.def Info: ./Model/vb4eindbord.jpg used on input line 64.
(pdftex.def)             Requested size: 187.89914pt x 140.92455pt.

<./Model/buurtorde.jpg, id=43, 121.45375pt x 88.83188pt>
File: ./Model/buurtorde.jpg Graphic file (type jpg)

<use ./Model/buurtorde.jpg>
Package pdftex.def Info: ./Model/buurtorde.jpg used on input line 79.
(pdftex.def)             Requested size: 60.72672pt x 44.41582pt.

Underfull \hbox (badness 10000) in paragraph at lines 85--105

 []


Underfull \hbox (badness 10000) in paragraph at lines 85--105

 []

[7 <./Model/vb3beginbord.jpg> <./Model/vb3eindbord.jpg> <./Model/vb4beginbord.j
pg> <./Model/vb4eindbord.jpg> <./Model/buurtorde.jpg>]
<./Model/vb5beginbord.jpg, id=47, 843.15pt x 632.3625pt>
File: ./Model/vb5beginbord.jpg Graphic file (type jpg)

<use ./Model/vb5beginbord.jpg>
Package pdftex.def Info: ./Model/vb5beginbord.jpg used on input line 109.
(pdftex.def)             Requested size: 187.89914pt x 140.92455pt.

<./Model/vb5eindbord.jpg, id=48, 843.15pt x 632.3625pt>
File: ./Model/vb5eindbord.jpg Graphic file (type jpg)

<use ./Model/vb5eindbord.jpg>
Package pdftex.def Info: ./Model/vb5eindbord.jpg used on input line 115.
(pdftex.def)             Requested size: 187.89914pt x 140.92455pt.
) [8 <./Model/vb5beginbord.jpg> <./Model/vb5eindbord.jpg>] (Equilibrium.tex
Underfull \hbox (badness 10000) in paragraph at lines 3--5

 []

<Tegenvoorbeeld/segregation_tegenvb.jpg, id=52, 401.24907pt x 401.24907pt>
File: Tegenvoorbeeld/segregation_tegenvb.jpg Graphic file (type jpg)

<use Tegenvoorbeeld/segregation_tegenvb.jpg>
Package pdftex.def Info: Tegenvoorbeeld/segregation_tegenvb.jpg used on input l
ine 9.
(pdftex.def)             Requested size: 140.92793pt x 140.92908pt.

<Tegenvoorbeeld/segregation_tegenvb_1.jpg, id=53, 401.24907pt x 401.24907pt>
File: Tegenvoorbeeld/segregation_tegenvb_1.jpg Graphic file (type jpg)

<use Tegenvoorbeeld/segregation_tegenvb_1.jpg>
Package pdftex.def Info: Tegenvoorbeeld/segregation_tegenvb_1.jpg used on input
 line 16.
(pdftex.def)             Requested size: 140.92793pt x 140.92908pt.

<Tegenvoorbeeld/segregation_tegenvb_2.jpg, id=54, 401.24907pt x 401.24907pt>
File: Tegenvoorbeeld/segregation_tegenvb_2.jpg Graphic file (type jpg)

<use Tegenvoorbeeld/segregation_tegenvb_2.jpg>
Package pdftex.def Info: Tegenvoorbeeld/segregation_tegenvb_2.jpg used on input
 line 23.
(pdftex.def)             Requested size: 140.92793pt x 140.92908pt.

<Tegenvoorbeeld/segregation_tegenvb_3.jpg, id=55, 401.24907pt x 401.24907pt>
File: Tegenvoorbeeld/segregation_tegenvb_3.jpg Graphic file (type jpg)

<use Tegenvoorbeeld/segregation_tegenvb_3.jpg>
Package pdftex.def Info: Tegenvoorbeeld/segregation_tegenvb_3.jpg used on input
 line 28.
(pdftex.def)             Requested size: 140.92793pt x 140.92908pt.
) [9 <./Tegenvoorbeeld/segregation_tegenvb.jpg> <./Tegenvoorbeeld/segregation_t
egenvb_1.jpg> <./Tegenvoorbeeld/segregation_tegenvb_2.jpg> <./Tegenvoorbeeld/se
gregation_tegenvb_3.jpg>]
[10] (VerslagdeelAantgen/VerslagdeelAantgen.tex
<./VerslagdeelAantgen/happinessregel_aantgen_2.pdf, id=62, 791.95876pt x 386.44
376pt>
File: ./VerslagdeelAantgen/happinessregel_aantgen_2.pdf Graphic file (type pdf)

 <use ./VerslagdeelAantgen/happinessregel_aantgen_2.pdf>
Package pdftex.def Info: ./VerslagdeelAantgen/happinessregel_aantgen_2.pdf used
 on input line 9.
(pdftex.def)             Requested size: 422.77664pt x 206.30017pt.

Underfull \hbox (badness 10000) in paragraph at lines 3--16

 []


Underfull \hbox (badness 10000) in paragraph at lines 3--16

 []


Underfull \hbox (badness 10000) in paragraph at lines 3--16

 []


Underfull \hbox (badness 10000) in paragraph at lines 3--16

 []


<./VerslagdeelAantgen/GenormHistogramAantalgen4.jpg, id=63, 737.75626pt x 538.0
1pt>
File: ./VerslagdeelAantgen/GenormHistogramAantalgen4.jpg Graphic file (type jpg
)
 <use ./VerslagdeelAantgen/GenormHistogramAantalgen4.jpg>
Package pdftex.def Info: ./VerslagdeelAantgen/GenormHistogramAantalgen4.jpg use
d on input line 21.
(pdftex.def)             Requested size: 187.89914pt x 137.02243pt.

<./VerslagdeelAantgen/GenormHistogramAantalgen.jpg, id=64, 690.58pt x 488.82625
pt>
File: ./VerslagdeelAantgen/GenormHistogramAantalgen.jpg Graphic file (type jpg)

 <use ./VerslagdeelAantgen/GenormHistogramAantalgen.jpg>
Package pdftex.def Info: ./VerslagdeelAantgen/GenormHistogramAantalgen.jpg used
 on input line 28.
(pdftex.def)             Requested size: 187.89914pt x 132.99925pt.

<./VerslagdeelAantgen/GenormHistogramAantalgen2.jpg, id=65, 562.1pt x 421.575pt
>
File: ./VerslagdeelAantgen/GenormHistogramAantalgen2.jpg Graphic file (type jpg
)
 <use ./VerslagdeelAantgen/GenormHistogramAantalgen2.jpg>
Package pdftex.def Info: ./VerslagdeelAantgen/GenormHistogramAantalgen2.jpg use
d on input line 35.
(pdftex.def)             Requested size: 187.89914pt x 140.92133pt.

<./VerslagdeelAantgen/GenormHistogramAantalgen1.jpg, id=66, 562.1pt x 421.575pt
>
File: ./VerslagdeelAantgen/GenormHistogramAantalgen1.jpg Graphic file (type jpg
)
 <use ./VerslagdeelAantgen/GenormHistogramAantalgen1.jpg>
Package pdftex.def Info: ./VerslagdeelAantgen/GenormHistogramAantalgen1.jpg use
d on input line 40.
(pdftex.def)             Requested size: 187.89914pt x 140.92133pt.
 [11 <./VerslagdeelAantgen/happinessregel_aantgen_2.pdf>])
Underfull \hbox (badness 10000) in paragraph at lines 47--56

 []

[12 <./VerslagdeelAantgen/GenormHistogramAantalgen4.jpg> <./VerslagdeelAantgen/
GenormHistogramAantalgen.jpg> <./VerslagdeelAantgen/GenormHistogramAantalgen2.j
pg> <./VerslagdeelAantgen/GenormHistogramAantalgen1.jpg>]
(happiness_01/VerslagHappinessgedeelte.tex
<./happiness_01/happinessregel-gemhappinesseind-2.pdf, id=78, 791.95876pt x 386
.44376pt>
File: ./happiness_01/happinessregel-gemhappinesseind-2.pdf Graphic file (type p
df)
 <use ./happiness_01/happinessregel-gemhappinesseind-2.pdf>
Package pdftex.def Info: ./happiness_01/happinessregel-gemhappinesseind-2.pdf u
sed on input line 20.
(pdftex.def)             Requested size: 422.77664pt x 206.30017pt.

Underfull \hbox (badness 10000) in paragraph at lines 3--27

 []


Underfull \hbox (badness 10000) in paragraph at lines 3--27

 []

[13 <./happiness_01/happinessregel-gemhappinesseind-2.pdf>]
<./happiness_01/histogram_min_happiness_een_derde.jpg, id=86, 562.1pt x 421.575
pt>
File: ./happiness_01/histogram_min_happiness_een_derde.jpg Graphic file (type j
pg)
 <use ./happiness_01/histogram_min_happiness_een_derde.jpg>
Package pdftex.def Info: ./happiness_01/histogram_min_happiness_een_derde.jpg u
sed on input line 31.
(pdftex.def)             Requested size: 150.32504pt x 112.73964pt.

Underfull \hbox (badness 1596) in paragraph at lines 32--32
[]\OT1/cmr/m/n/9 (a) |his-togram min-i-mum hap-pi-ness
 []

<./happiness_01/histogram_min_happiness_half.jpg, id=87, 562.1pt x 421.575pt>
File: ./happiness_01/histogram_min_happiness_half.jpg Graphic file (type jpg)

<use ./happiness_01/histogram_min_happiness_half.jpg>
Package pdftex.def Info: ./happiness_01/histogram_min_happiness_half.jpg used o
n input line 38.
(pdftex.def)             Requested size: 150.32504pt x 112.73964pt.

Underfull \hbox (badness 1394) in paragraph at lines 39--39
[]\OT1/cmr/m/n/9 (b) |his-togram min-i-mum hap-pi-ness
 []

<./happiness_01/histogram_min_happiness_een.jpg, id=88, 562.1pt x 421.575pt>
File: ./happiness_01/histogram_min_happiness_een.jpg Graphic file (type jpg)

<use ./happiness_01/histogram_min_happiness_een.jpg>
Package pdftex.def Info: ./happiness_01/histogram_min_happiness_een.jpg used on
 input line 45.
(pdftex.def)             Requested size: 150.32504pt x 112.73964pt.

Underfull \hbox (badness 1817) in paragraph at lines 46--46
[]\OT1/cmr/m/n/9 (c) |his-togram min-i-mum hap-pi-ness
 []

) [14 <./happiness_01/histogram_min_happiness_een_derde.jpg> <./happiness_01/hi
stogram_min_happiness_half.jpg> <./happiness_01/histogram_min_happiness_een.jpg
>] (AverageSeg/AveSegtime.tex
Underfull \hbox (badness 10000) in paragraph at lines 3--9

 []


Underfull \hbox (badness 10000) in paragraph at lines 3--9

 []


Underfull \hbox (badness 10000) in paragraph at lines 12--17

 []

[15] <./AverageSeg/aveseg_sb_2.pdf, id=95, 409.53pt x 323.2075pt>
File: ./AverageSeg/aveseg_sb_2.pdf Graphic file (type pdf)

<use ./AverageSeg/aveseg_sb_2.pdf>
Package pdftex.def Info: ./AverageSeg/aveseg_sb_2.pdf used on input line 56.
(pdftex.def)             Requested size: 375.80544pt x 296.60982pt.

Underfull \hbox (badness 10000) in paragraph at lines 53--59

 []


Underfull \hbox (badness 10000) in paragraph at lines 61--69

 []

<./AverageSeg/aveseg_4b_2.pdf, id=96, 421.575pt x 316.18124pt>
File: ./AverageSeg/aveseg_4b_2.pdf Graphic file (type pdf)

<use ./AverageSeg/aveseg_4b_2.pdf>
Package pdftex.def Info: ./AverageSeg/aveseg_4b_2.pdf used on input line 73.
(pdftex.def)             Requested size: 375.80544pt x 281.85875pt.
 [16 <./AverageSeg/aveseg_sb_2.pdf>]
Underfull \hbox (badness 10000) in paragraph at lines 78--81

 []


Underfull \hbox (badness 10000) in paragraph at lines 87--95

 []


Underfull \hbox (badness 10000) in paragraph at lines 87--95

 []

[17 <./AverageSeg/aveseg_4b_2.pdf>]
<./AverageSeg/habysegfrac_sb_2.pdf, id=121, 550.055pt x 370.38374pt>
File: ./AverageSeg/habysegfrac_sb_2.pdf Graphic file (type pdf)

<use ./AverageSeg/habysegfrac_sb_2.pdf>
Package pdftex.def Info: ./AverageSeg/habysegfrac_sb_2.pdf used on input line 9
8.
(pdftex.def)             Requested size: 375.80544pt x 253.06139pt.

<./AverageSeg/habysegfrac_4b_2.pdf, id=122, 558.085pt x 348.30125pt>
File: ./AverageSeg/habysegfrac_4b_2.pdf Graphic file (type pdf)

<use ./AverageSeg/habysegfrac_4b_2.pdf>
Package pdftex.def Info: ./AverageSeg/habysegfrac_4b_2.pdf used on input line 1
07.
(pdftex.def)             Requested size: 375.80544pt x 234.54579pt.
 [18 <./AverageSeg/habysegfrac_sb_2.pdf>] <./AverageSeg/happy_segr_60_80_100.pd
f, id=135, 421.575pt x 316.18124pt>
File: ./AverageSeg/happy_segr_60_80_100.pdf Graphic file (type pdf)

<use ./AverageSeg/happy_segr_60_80_100.pdf>
Package pdftex.def Info: ./AverageSeg/happy_segr_60_80_100.pdf used on input li
ne 117.
(pdftex.def)             Requested size: 281.05103pt x 210.7934pt.
) [19 <./AverageSeg/habysegfrac_4b_2.pdf> <./AverageSeg/happy_segr_60_80_100.pd
f>] [20] (Switch/Switch.tex
Underfull \hbox (badness 10000) in paragraph at lines 3--12

 []

LaTeX Font Info:    Try loading font information for U+bbm on input line 14.
(D:\Programmas\Latex\MikTex\tex\latex\bbm\ubbm.fd
File: ubbm.fd 1999/03/15 V 1.2 Font definition for bbm font - TH
)
<./Switch/Voorbeeld12_12_begin.pdf, id=150, 421.575pt x 316.18124pt>
File: ./Switch/Voorbeeld12_12_begin.pdf Graphic file (type pdf)

<use ./Switch/Voorbeeld12_12_begin.pdf>
Package pdftex.def Info: ./Switch/Voorbeeld12_12_begin.pdf used on input line 2
0.
(pdftex.def)             Requested size: 211.38832pt x 158.54373pt.

<./Switch/Voorbeeld12_12_eind.pdf, id=151, 421.575pt x 316.18124pt>
File: ./Switch/Voorbeeld12_12_eind.pdf Graphic file (type pdf)

<use ./Switch/Voorbeeld12_12_eind.pdf>
Package pdftex.def Info: ./Switch/Voorbeeld12_12_eind.pdf used on input line 26
.
(pdftex.def)             Requested size: 211.38832pt x 158.54373pt.
) [21 <./Switch/Voorbeeld12_12_begin.pdf> <./Switch/Voorbeeld12_12_eind.pdf>] (
Appendix/Appendix.tex) [22]
(mod2A_verslag.aux)

LaTeX Warning: There were multiply-defined labels.

 ) 
Here is how much of TeX's memory you used:
 5176 strings out of 493673
 76174 string characters out of 3144389
 147262 words of memory out of 3000000
 8355 multiletter control sequences out of 15000+200000
 11908 words of font info for 47 fonts, out of 3000000 for 9000
 1025 hyphenation exceptions out of 8191
 37i,14n,46p,967b,508s stack positions out of 5000i,500n,10000p,200000b,50000s
 <C:\Users\win 8\AppData\Local\MiKTeX\2.9\fonts\pk\ljfour\public\bbm\dpi600\b
bm10.pk><D:/Programmas/Latex/MikTex/fonts/type1/public/amsfonts/cm/cmbx10.pfb><
D:/Programmas/Latex/MikTex/fonts/type1/public/amsfonts/cm/cmbx12.pfb><D:/Progra
mmas/Latex/MikTex/fonts/type1/public/amsfonts/cm/cmcsc10.pfb><D:/Programmas/Lat
ex/MikTex/fonts/type1/public/amsfonts/cm/cmex10.pfb><D:/Programmas/Latex/MikTex
/fonts/type1/public/amsfonts/cm/cmmi10.pfb><D:/Programmas/Latex/MikTex/fonts/ty
pe1/public/amsfonts/cm/cmmi7.pfb><D:/Programmas/Latex/MikTex/fonts/type1/public
/amsfonts/cm/cmr10.pfb><D:/Programmas/Latex/MikTex/fonts/type1/public/amsfonts/
cm/cmr12.pfb><D:/Programmas/Latex/MikTex/fonts/type1/public/amsfonts/cm/cmr7.pf
b><D:/Programmas/Latex/MikTex/fonts/type1/public/amsfonts/cm/cmr9.pfb><D:/Progr
ammas/Latex/MikTex/fonts/type1/public/amsfonts/cm/cmsy10.pfb><D:/Programmas/Lat
ex/MikTex/fonts/type1/public/amsfonts/cm/cmsy7.pfb><D:/Programmas/Latex/MikTex/
fonts/type1/public/amsfonts/cm/cmti10.pfb><D:/Programmas/Latex/MikTex/fonts/typ
e1/public/amsfonts/symbols/msbm10.pfb>
Output written on mod2A_verslag.pdf (23 pages, 1173350 bytes).
PDF statistics:
 223 PDF objects out of 1000 (max. 8388607)
 0 named destinations out of 1000 (max. 500000)
 161 words of extra memory for PDF output out of 10000 (max. 10000000)

